mode: atomic
github.com/alexandre-pinon/epic-road-trip/service/user_service.go:22.65,24.2 1 6
github.com/alexandre-pinon/epic-road-trip/service/user_service.go:26.62,28.2 1 2
github.com/alexandre-pinon/epic-road-trip/service/user_service.go:30.81,32.17 2 2
github.com/alexandre-pinon/epic-road-trip/service/user_service.go:39.2,39.18 1 1
github.com/alexandre-pinon/epic-road-trip/service/user_service.go:32.17,37.3 1 1
github.com/alexandre-pinon/epic-road-trip/service/user_service.go:42.60,43.17 1 2
github.com/alexandre-pinon/epic-road-trip/service/user_service.go:50.2,50.63 1 1
github.com/alexandre-pinon/epic-road-trip/service/user_service.go:57.2,57.12 1 1
github.com/alexandre-pinon/epic-road-trip/service/user_service.go:43.17,48.3 1 1
github.com/alexandre-pinon/epic-road-trip/service/user_service.go:50.63,55.3 1 0
github.com/alexandre-pinon/epic-road-trip/controller/root_controller.go:15.41,17.2 1 0
github.com/alexandre-pinon/epic-road-trip/controller/root_controller.go:19.92,25.2 1 0
github.com/alexandre-pinon/epic-road-trip/controller/user_controller.go:24.64,26.2 1 7
github.com/alexandre-pinon/epic-road-trip/controller/user_controller.go:28.95,30.16 2 2
github.com/alexandre-pinon/epic-road-trip/controller/user_controller.go:37.2,38.22 2 2
github.com/alexandre-pinon/epic-road-trip/controller/user_controller.go:44.2,48.8 1 2
github.com/alexandre-pinon/epic-road-trip/controller/user_controller.go:30.16,35.3 1 0
github.com/alexandre-pinon/epic-road-trip/controller/user_controller.go:38.22,40.3 1 1
github.com/alexandre-pinon/epic-road-trip/controller/user_controller.go:40.8,42.3 1 1
github.com/alexandre-pinon/epic-road-trip/controller/user_controller.go:51.95,53.16 2 2
github.com/alexandre-pinon/epic-road-trip/controller/user_controller.go:60.2,61.16 2 1
github.com/alexandre-pinon/epic-road-trip/controller/user_controller.go:68.2,72.8 1 1
github.com/alexandre-pinon/epic-road-trip/controller/user_controller.go:53.16,58.3 1 1
github.com/alexandre-pinon/epic-road-trip/controller/user_controller.go:61.16,66.3 1 0
github.com/alexandre-pinon/epic-road-trip/controller/user_controller.go:75.94,78.50 2 3
github.com/alexandre-pinon/epic-road-trip/controller/user_controller.go:85.2,85.59 1 2
github.com/alexandre-pinon/epic-road-trip/controller/user_controller.go:92.2,96.8 1 1
github.com/alexandre-pinon/epic-road-trip/controller/user_controller.go:78.50,83.3 1 1
github.com/alexandre-pinon/epic-road-trip/controller/user_controller.go:85.59,90.3 1 1
github.com/alexandre-pinon/epic-road-trip/repository/user_repository.go:23.59,25.2 1 7
github.com/alexandre-pinon/epic-road-trip/repository/user_repository.go:27.66,31.16 3 2
github.com/alexandre-pinon/epic-road-trip/repository/user_repository.go:35.2,36.50 2 2
github.com/alexandre-pinon/epic-road-trip/repository/user_repository.go:40.2,40.22 1 2
github.com/alexandre-pinon/epic-road-trip/repository/user_repository.go:31.16,33.3 1 0
github.com/alexandre-pinon/epic-road-trip/repository/user_repository.go:36.50,38.3 1 0
github.com/alexandre-pinon/epic-road-trip/repository/user_repository.go:43.85,48.45 4 2
github.com/alexandre-pinon/epic-road-trip/repository/user_repository.go:52.2,52.19 1 1
github.com/alexandre-pinon/epic-road-trip/repository/user_repository.go:48.45,50.3 1 1
github.com/alexandre-pinon/epic-road-trip/repository/user_repository.go:55.90,57.2 1 7
